<?xml version="1.0" encoding="UTF-8"?>
<testsuite name="webshop.entities.ProductMapperTest" time="0.001" tests="7" errors="0" skipped="0" failures="4">
  <properties>
[...]
</properties>
  <testcase name="testGetProductByDescription" classname="webshop.entities.ProductMapperTest" time="0">
    <failure message="expected:&lt;[Product{id=6, description=Warsteiner, vatLevel=LOW, price=100}]&gt; but was:&lt;[]&gt;" type="java.lang.AssertionError"><![CDATA[java.lang.AssertionError: expected:<[Product{id=6, description=Warsteiner, vatLevel=LOW, price=100}]> but was:<[]>
	at org.junit.Assert.fail(Assert.java:88)
	at org.junit.Assert.failNotEquals(Assert.java:834)
	at org.junit.Assert.assertEquals(Assert.java:118)
	at org.junit.Assert.assertEquals(Assert.java:144)
	at webshop.entities.ProductMapperTest.testGetProductByDescription(ProductMapperTest.java:92)
]]></failure>
    <system-out><![CDATA[getProductByDescription
]]></system-out>
  </testcase>
  <testcase name="testNextProductId" classname="webshop.entities.ProductMapperTest" time="0"/>
  <testcase name="testGetProductByDescriptionPriceVat" classname="webshop.entities.ProductMapperTest" time="0">
    <failure message="expected:&lt;Product{id=6, description=Warsteiner, vatLevel=LOW, price=100}&gt; but was:&lt;null&gt;" type="java.lang.AssertionError"><![CDATA[java.lang.AssertionError: expected:<Product{id=6, description=Warsteiner, vatLevel=LOW, price=100}> but was:<null>
	at org.junit.Assert.fail(Assert.java:88)
	at org.junit.Assert.failNotEquals(Assert.java:834)
	at org.junit.Assert.assertEquals(Assert.java:118)
	at org.junit.Assert.assertEquals(Assert.java:144)
	at webshop.entities.ProductMapperTest.testGetProductByDescriptionPriceVat(ProductMapperTest.java:62)
]]></failure>
    <system-out><![CDATA[getProductByDescriptionPriceVat
]]></system-out>
  </testcase>
  <testcase name="testGetProductById" classname="webshop.entities.ProductMapperTest" time="0">
    <failure message="The test case is a prototype." type="java.lang.AssertionError">java.lang.AssertionError: The test case is a prototype.
	at org.junit.Assert.fail(Assert.java:88)
	at webshop.entities.ProductMapperTest.testGetProductById(ProductMapperTest.java:79)
</failure>
    <system-out><![CDATA[getProductById
]]></system-out>
  </testcase>
  <testcase name="testCreateProductWith" classname="webshop.entities.ProductMapperTest" time="0">
    <failure message="The test case is a prototype." type="java.lang.AssertionError">java.lang.AssertionError: The test case is a prototype.
	at org.junit.Assert.fail(Assert.java:88)
	at webshop.entities.ProductMapperTest.testCreateProductWith(ProductMapperTest.java:115)
</failure>
    <system-out><![CDATA[createProductWith
]]></system-out>
  </testcase>
  <testcase name="testGetAll" classname="webshop.entities.ProductMapperTest" time="0.001"/>
  <testcase name="testSetProductId" classname="webshop.entities.ProductMapperTest" time="0"/>
</testsuite>