<?xml version="1.0" encoding="UTF-8"?>
<testsuite name="webshop.persistence.inmemory.IMInvoiceMapperTest" time="0" tests="3" errors="0" skipped="0" failures="2">
  <properties>
[...]
</properties>
  <testcase name="testSaveAndLoad" classname="webshop.persistence.inmemory.IMInvoiceMapperTest" time="0">
    <failure message="not same invoice expected:&lt;Invoice{number=1,&#10; calculator=webshop.entities.Invoice$DefaultReduction@1e88b3c,&#10; invoiceDate=2017-11-08&#10;lines:---&#10;	id	0&#10;	product	Product{id=3, description=Targa 911, vatLevel=HIGH, price=1230095}&#10;	quantity	1&#10;	invoiceId	0&#10;	salesPrice	1463813&#10;	vat	233718&#10;	id	0&#10;	product	Product{id=7, description=Objects First, vatLevel=LOW, price=4800}&#10;	quantity	1&#10;	invoiceId	0&#10;	salesPrice	5088&#10;	vat	288&#10;----}&gt; but was:&lt;Invoice{number=1,&#10; calculator=webshop.entities.Invoice$DefaultReduction@6e1567f1,&#10; invoiceDate=2017-11-08&#10;lines:---&#10;	id	0&#10;	product	Product{id=3, description=Targa 911, vatLevel=HIGH, price=1230095}&#10;	quantity	1&#10;	invoiceId	0&#10;	salesPrice	1463813&#10;	vat	233718&#10;	id	0&#10;	product	Product{id=7, description=Objects First, vatLevel=LOW, price=4800}&#10;	quantity	1&#10;	invoiceId	0&#10;	salesPrice	5088&#10;	vat	288&#10;----}&gt;" type="java.lang.AssertionError"><![CDATA[java.lang.AssertionError: not same invoice expected:<Invoice{number=1,
 calculator=webshop.entities.Invoice$DefaultReduction@1e88b3c,
 invoiceDate=2017-11-08
lines:---
	id	0
	product	Product{id=3, description=Targa 911, vatLevel=HIGH, price=1230095}
	quantity	1
	invoiceId	0
	salesPrice	1463813
	vat	233718
	id	0
	product	Product{id=7, description=Objects First, vatLevel=LOW, price=4800}
	quantity	1
	invoiceId	0
	salesPrice	5088
	vat	288
----}> but was:<Invoice{number=1,
 calculator=webshop.entities.Invoice$DefaultReduction@6e1567f1,
 invoiceDate=2017-11-08
lines:---
	id	0
	product	Product{id=3, description=Targa 911, vatLevel=HIGH, price=1230095}
	quantity	1
	invoiceId	0
	salesPrice	1463813
	vat	233718
	id	0
	product	Product{id=7, description=Objects First, vatLevel=LOW, price=4800}
	quantity	1
	invoiceId	0
	salesPrice	5088
	vat	288
----}>
	at org.junit.Assert.fail(Assert.java:88)
	at org.junit.Assert.failNotEquals(Assert.java:834)
	at org.junit.Assert.assertEquals(Assert.java:118)
	at webshop.persistence.inmemory.IMInvoiceMapperTest.testSaveAndLoad(IMInvoiceMapperTest.java:54)
]]></failure>
    <system-out><![CDATA[notify observers of IMCart
notify observers of IMCart
notify observers of IMCart
notify observers of IMCart
Fails on date
toBeSaved = Invoice{number=0,
 calculator=webshop.entities.Invoice$DefaultReduction@1e88b3c,
 invoiceDate=2017-11-08
lines:---
	id	0
	product	Product{id=3, description=Targa 911, vatLevel=HIGH, price=1230095}
	quantity	1
	invoiceId	0
	salesPrice	1463813
	vat	233718
	id	0
	product	Product{id=7, description=Objects First, vatLevel=LOW, price=4800}
	quantity	1
	invoiceId	0
	salesPrice	5088
	vat	288
----}
==================================
Fails on date
Fails on number
restored = Invoice{number=1,
 calculator=webshop.entities.Invoice$DefaultReduction@6e1567f1,
 invoiceDate=2017-11-08
lines:---
	id	0
	product	Product{id=3, description=Targa 911, vatLevel=HIGH, price=1230095}
	quantity	1
	invoiceId	0
	salesPrice	1463813
	vat	233718
	id	0
	product	Product{id=7, description=Objects First, vatLevel=LOW, price=4800}
	quantity	1
	invoiceId	0
	salesPrice	5088
	vat	288
----}
==================================
Fails on date
]]></system-out>
  </testcase>
  <testcase name="testGetInvoiceIDs" classname="webshop.persistence.inmemory.IMInvoiceMapperTest" time="0"/>
  <testcase name="testLoadAll" classname="webshop.persistence.inmemory.IMInvoiceMapperTest" time="0">
    <failure message="invoices 1 are not same expected:&lt;Invoice{number=4,&#10; calculator=webshop.entities.Invoice$DefaultReduction@1e88b3c,&#10; invoiceDate=2017-11-08&#10;lines:---&#10;	id	0&#10;	product	Product{id=3, description=Targa 911, vatLevel=HIGH, price=1230095}&#10;	quantity	1&#10;	invoiceId	0&#10;	salesPrice	1463813&#10;	vat	233718&#10;	id	0&#10;	product	Product{id=7, description=Objects First, vatLevel=LOW, price=4800}&#10;	quantity	1&#10;	invoiceId	0&#10;	salesPrice	5088&#10;	vat	288&#10;----}&gt; but was:&lt;Invoice{number=4,&#10; calculator=webshop.entities.Invoice$DefaultReduction@3c0f93f1,&#10; invoiceDate=2017-11-08&#10;lines:---&#10;	id	0&#10;	product	Product{id=3, description=Targa 911, vatLevel=HIGH, price=1230095}&#10;	quantity	1&#10;	invoiceId	0&#10;	salesPrice	1463813&#10;	vat	233718&#10;	id	0&#10;	product	Product{id=7, description=Objects First, vatLevel=LOW, price=4800}&#10;	quantity	1&#10;	invoiceId	0&#10;	salesPrice	5088&#10;	vat	288&#10;----}&gt;" type="java.lang.AssertionError"><![CDATA[java.lang.AssertionError: invoices 1 are not same expected:<Invoice{number=4,
 calculator=webshop.entities.Invoice$DefaultReduction@1e88b3c,
 invoiceDate=2017-11-08
lines:---
	id	0
	product	Product{id=3, description=Targa 911, vatLevel=HIGH, price=1230095}
	quantity	1
	invoiceId	0
	salesPrice	1463813
	vat	233718
	id	0
	product	Product{id=7, description=Objects First, vatLevel=LOW, price=4800}
	quantity	1
	invoiceId	0
	salesPrice	5088
	vat	288
----}> but was:<Invoice{number=4,
 calculator=webshop.entities.Invoice$DefaultReduction@3c0f93f1,
 invoiceDate=2017-11-08
lines:---
	id	0
	product	Product{id=3, description=Targa 911, vatLevel=HIGH, price=1230095}
	quantity	1
	invoiceId	0
	salesPrice	1463813
	vat	233718
	id	0
	product	Product{id=7, description=Objects First, vatLevel=LOW, price=4800}
	quantity	1
	invoiceId	0
	salesPrice	5088
	vat	288
----}>
	at org.junit.Assert.fail(Assert.java:88)
	at org.junit.Assert.failNotEquals(Assert.java:834)
	at org.junit.Assert.assertEquals(Assert.java:118)
	at webshop.persistence.inmemory.IMInvoiceMapperTest.testLoadAll(IMInvoiceMapperTest.java:93)
]]></failure>
    <system-out><![CDATA[notify observers of IMCart
notify observers of IMCart
notify observers of IMCart
notify observers of IMCart
Fails on date
Fails on date
Fails on number
Fails on number
Fails on date
Fails on date
]]></system-out>
  </testcase>
</testsuite>