-------------------------------------------------------------------------------
Test set: webshop.persistence.inmemory.IMWebshopFactoryTest
-------------------------------------------------------------------------------
Tests run: 3, Failures: 0, Errors: 3, Skipped: 0, Time elapsed: 0 sec <<< FAILURE! - in webshop.persistence.inmemory.IMWebshopFactoryTest
testGetProductMapper(webshop.persistence.inmemory.IMWebshopFactoryTest)  Time elapsed: 0 sec  <<< ERROR!
java.lang.ExceptionInInitializerError: null
	at webshop.persistence.inmemory.IMProductMapper.getProductById(IMProductMapper.java:108)
	at webshop.persistence.inmemory.IMInventory.<init>(IMInventory.java:30)
	at webshop.persistence.inmemory.IMWebshopFactory.<init>(IMWebshopFactory.java:24)
	at webshop.persistence.inmemory.IMWebshopFactory.<clinit>(IMWebshopFactory.java:18)
	at webshop.persistence.inmemory.IMWebshopFactoryTest.testGetProductMapper(IMWebshopFactoryTest.java:44)

testGetInventory(webshop.persistence.inmemory.IMWebshopFactoryTest)  Time elapsed: 0 sec  <<< ERROR!
java.lang.NoClassDefFoundError: Could not initialize class webshop.persistence.inmemory.IMWebshopFactory
	at webshop.persistence.inmemory.IMWebshopFactoryTest.testGetInventory(IMWebshopFactoryTest.java:32)

testCreateCart(webshop.persistence.inmemory.IMWebshopFactoryTest)  Time elapsed: 0 sec  <<< ERROR!
java.lang.NoClassDefFoundError: Could not initialize class webshop.persistence.inmemory.IMWebshopFactory
	at webshop.persistence.inmemory.IMWebshopFactoryTest.testCreateCart(IMWebshopFactoryTest.java:20)

