-------------------------------------------------------------------------------
Test set: webshop.persistence.pgdb.DBProductContainerTest
-------------------------------------------------------------------------------
Tests run: 14, Failures: 4, Errors: 5, Skipped: 0, Time elapsed: 0.004 sec <<< FAILURE! - in webshop.persistence.pgdb.DBProductContainerTest
testTakeAll(webshop.persistence.pgdb.DBProductContainerTest)  Time elapsed: 0 sec  <<< FAILURE!
java.lang.AssertionError: expected same:<Product{id=2, description=Inferno, vatLevel=HIGH, price=3000}> was not:<Product{id=2, description=Inferno, vatLevel=HIGH, price=3000}>
	at org.junit.Assert.fail(Assert.java:88)
	at org.junit.Assert.failNotSame(Assert.java:828)
	at org.junit.Assert.assertSame(Assert.java:771)
	at org.junit.Assert.assertSame(Assert.java:782)
	at webshop.persistence.pgdb.DBProductContainerTest.testTakeAll(DBProductContainerTest.java:256)

testMerge_Product_int(webshop.persistence.pgdb.DBProductContainerTest)  Time elapsed: 0.001 sec  <<< ERROR!
webshop.persistence.PersistenceException: doInsert failed with query "insert into test_inventory (product_id,owner_session) select ?,? where not exists (select 1 from test_inventory where product_id =? and owner_session=?)" with args [0, 0, 0, 0]
	at org.postgresql.core.v3.QueryExecutorImpl.receiveErrorResponse(QueryExecutorImpl.java:2477)
	at org.postgresql.core.v3.QueryExecutorImpl.processResults(QueryExecutorImpl.java:2190)
	at org.postgresql.core.v3.QueryExecutorImpl.execute(QueryExecutorImpl.java:300)
	at org.postgresql.jdbc.PgStatement.executeInternal(PgStatement.java:428)
	at org.postgresql.jdbc.PgStatement.execute(PgStatement.java:354)
	at org.postgresql.jdbc.PgPreparedStatement.executeWithFlags(PgPreparedStatement.java:169)
	at org.postgresql.jdbc.PgPreparedStatement.executeUpdate(PgPreparedStatement.java:136)
	at webshop.persistence.pgdb.QueryHelper.doInsert(QueryHelper.java:231)
	at webshop.persistence.pgdb.QueryHelper.doInsert(QueryHelper.java:209)
	at webshop.persistence.pgdb.PGDBProductContainer.merge(PGDBProductContainer.java:156)
	at webshop.persistence.pgdb.PGDBProductContainer.merge(PGDBProductContainer.java:113)
	at webshop.persistence.pgdb.DBProductContainerTest.testMerge_Product_int(DBProductContainerTest.java:170)

testCount(webshop.persistence.pgdb.DBProductContainerTest)  Time elapsed: 0 sec  <<< ERROR!
webshop.persistence.PersistenceException: doInsert failed with query "insert into test_inventory (product_id,owner_session) select ?,? where not exists (select 1 from test_inventory where product_id =? and owner_session=?)" with args [0, 0, 0, 0]
	at org.postgresql.core.v3.QueryExecutorImpl.receiveErrorResponse(QueryExecutorImpl.java:2477)
	at org.postgresql.core.v3.QueryExecutorImpl.processResults(QueryExecutorImpl.java:2190)
	at org.postgresql.core.v3.QueryExecutorImpl.execute(QueryExecutorImpl.java:300)
	at org.postgresql.jdbc.PgStatement.executeInternal(PgStatement.java:428)
	at org.postgresql.jdbc.PgStatement.execute(PgStatement.java:354)
	at org.postgresql.jdbc.PgPreparedStatement.executeWithFlags(PgPreparedStatement.java:169)
	at org.postgresql.jdbc.PgPreparedStatement.executeUpdate(PgPreparedStatement.java:136)
	at webshop.persistence.pgdb.QueryHelper.doInsert(QueryHelper.java:231)
	at webshop.persistence.pgdb.QueryHelper.doInsert(QueryHelper.java:209)
	at webshop.persistence.pgdb.PGDBProductContainer.merge(PGDBProductContainer.java:156)
	at webshop.persistence.pgdb.PGDBProductContainer.merge(PGDBProductContainer.java:113)
	at webshop.persistence.pgdb.DBProductContainerTest.testCount(DBProductContainerTest.java:93)

testFind(webshop.persistence.pgdb.DBProductContainerTest)  Time elapsed: 0 sec  <<< FAILURE!
java.lang.AssertionError: Not found
	at org.junit.Assert.fail(Assert.java:88)
	at org.junit.Assert.assertTrue(Assert.java:41)
	at org.junit.Assert.assertNotNull(Assert.java:712)
	at webshop.persistence.pgdb.DBProductContainerTest.testFind(DBProductContainerTest.java:112)

testTake(webshop.persistence.pgdb.DBProductContainerTest)  Time elapsed: 0.001 sec  <<< FAILURE!
java.lang.AssertionError: checks and balances 2 expected same:<Product{id=1, description=The Davinci code, vatLevel=HIGH, price=2500}> was not:<Product{id=1, description=The Davinci code, vatLevel=HIGH, price=2500}>
	at org.junit.Assert.fail(Assert.java:88)
	at org.junit.Assert.failNotSame(Assert.java:828)
	at org.junit.Assert.assertSame(Assert.java:771)
	at webshop.persistence.pgdb.DBProductContainerTest.testTake(DBProductContainerTest.java:231)

testContains(webshop.persistence.pgdb.DBProductContainerTest)  Time elapsed: 0 sec  <<< FAILURE!
java.lang.AssertionError: expect it to be contained
	at org.junit.Assert.fail(Assert.java:88)
	at org.junit.Assert.assertTrue(Assert.java:41)
	at webshop.persistence.pgdb.DBProductContainerTest.testContains(DBProductContainerTest.java:83)

testGetContents(webshop.persistence.pgdb.DBProductContainerTest)  Time elapsed: 0 sec  <<< ERROR!
webshop.persistence.PersistenceException: doInsert failed with query "insert into test_cart (product_id,owner_session) select ?,? where not exists (select 1 from test_cart where product_id =? and owner_session=?)" with args [0, 1, 0, 1]
	at org.postgresql.core.v3.QueryExecutorImpl.receiveErrorResponse(QueryExecutorImpl.java:2477)
	at org.postgresql.core.v3.QueryExecutorImpl.processResults(QueryExecutorImpl.java:2190)
	at org.postgresql.core.v3.QueryExecutorImpl.execute(QueryExecutorImpl.java:300)
	at org.postgresql.jdbc.PgStatement.executeInternal(PgStatement.java:428)
	at org.postgresql.jdbc.PgStatement.execute(PgStatement.java:354)
	at org.postgresql.jdbc.PgPreparedStatement.executeWithFlags(PgPreparedStatement.java:169)
	at org.postgresql.jdbc.PgPreparedStatement.executeUpdate(PgPreparedStatement.java:136)
	at webshop.persistence.pgdb.QueryHelper.doInsert(QueryHelper.java:231)
	at webshop.persistence.pgdb.QueryHelper.doInsert(QueryHelper.java:209)
	at webshop.persistence.pgdb.PGDBProductContainer.merge(PGDBProductContainer.java:156)
	at webshop.persistence.pgdb.PGDBProductContainer.merge(PGDBProductContainer.java:113)
	at webshop.persistence.pgdb.PGDBProductContainer.merge(PGDBProductContainer.java:178)
	at webshop.persistence.pgdb.DBProductContainerTest.testGetContents(DBProductContainerTest.java:133)

testTransferTo(webshop.persistence.pgdb.DBProductContainerTest)  Time elapsed: 0 sec  <<< ERROR!
webshop.persistence.PersistenceException: doInsert failed with query "insert into test_cart (product_id,owner_session) select ?,? where not exists (select 1 from test_cart where product_id =? and owner_session=?)" with args [0, 2, 0, 2]
	at org.postgresql.core.v3.QueryExecutorImpl.receiveErrorResponse(QueryExecutorImpl.java:2477)
	at org.postgresql.core.v3.QueryExecutorImpl.processResults(QueryExecutorImpl.java:2190)
	at org.postgresql.core.v3.QueryExecutorImpl.execute(QueryExecutorImpl.java:300)
	at org.postgresql.jdbc.PgStatement.executeInternal(PgStatement.java:428)
	at org.postgresql.jdbc.PgStatement.execute(PgStatement.java:354)
	at org.postgresql.jdbc.PgPreparedStatement.executeWithFlags(PgPreparedStatement.java:169)
	at org.postgresql.jdbc.PgPreparedStatement.executeUpdate(PgPreparedStatement.java:136)
	at webshop.persistence.pgdb.QueryHelper.doInsert(QueryHelper.java:231)
	at webshop.persistence.pgdb.QueryHelper.doInsert(QueryHelper.java:209)
	at webshop.persistence.pgdb.PGDBProductContainer.merge(PGDBProductContainer.java:156)
	at webshop.persistence.pgdb.PGDBProductContainer.merge(PGDBProductContainer.java:113)
	at webshop.persistence.pgdb.DBProductContainerTest.testTransferTo(DBProductContainerTest.java:271)

testMerge_ProductQuantity(webshop.persistence.pgdb.DBProductContainerTest)  Time elapsed: 0.001 sec  <<< ERROR!
webshop.persistence.PersistenceException: doInsert failed with query "insert into test_cart (product_id,owner_session) select ?,? where not exists (select 1 from test_cart where product_id =? and owner_session=?)" with args [0, 2, 0, 2]
	at org.postgresql.core.v3.QueryExecutorImpl.receiveErrorResponse(QueryExecutorImpl.java:2477)
	at org.postgresql.core.v3.QueryExecutorImpl.processResults(QueryExecutorImpl.java:2190)
	at org.postgresql.core.v3.QueryExecutorImpl.execute(QueryExecutorImpl.java:300)
	at org.postgresql.jdbc.PgStatement.executeInternal(PgStatement.java:428)
	at org.postgresql.jdbc.PgStatement.execute(PgStatement.java:354)
	at org.postgresql.jdbc.PgPreparedStatement.executeWithFlags(PgPreparedStatement.java:169)
	at org.postgresql.jdbc.PgPreparedStatement.executeUpdate(PgPreparedStatement.java:136)
	at webshop.persistence.pgdb.QueryHelper.doInsert(QueryHelper.java:231)
	at webshop.persistence.pgdb.QueryHelper.doInsert(QueryHelper.java:209)
	at webshop.persistence.pgdb.PGDBProductContainer.merge(PGDBProductContainer.java:156)
	at webshop.persistence.pgdb.PGDBProductContainer.merge(PGDBProductContainer.java:113)
	at webshop.persistence.pgdb.PGDBProductContainer.merge(PGDBProductContainer.java:178)
	at webshop.persistence.pgdb.DBProductContainerTest.testMerge_ProductQuantity(DBProductContainerTest.java:185)

