-------------------------------------------------------------------------------
Test set: webshop.persistence.inmemory.IMProductContainerTest
-------------------------------------------------------------------------------
Tests run: 18, Failures: 0, Errors: 18, Skipped: 0, Time elapsed: 0.001 sec <<< FAILURE! - in webshop.persistence.inmemory.IMProductContainerTest
testTakeAll(webshop.persistence.inmemory.IMProductContainerTest)  Time elapsed: 0 sec  <<< ERROR!
java.lang.NoClassDefFoundError: Could not initialize class webshop.persistence.inmemory.IMWebshopFactory
	at webshop.persistence.WebshopFactoryConfigurator.getFactory(WebshopFactoryConfigurator.java:44)
	at webshop.persistence.inmemory.IMProductContainerTest.setUp(IMProductContainerTest.java:47)

testItemCount(webshop.persistence.inmemory.IMProductContainerTest)  Time elapsed: 0 sec  <<< ERROR!
java.lang.NoClassDefFoundError: Could not initialize class webshop.persistence.inmemory.IMWebshopFactory
	at webshop.persistence.WebshopFactoryConfigurator.getFactory(WebshopFactoryConfigurator.java:44)
	at webshop.persistence.inmemory.IMProductContainerTest.setUp(IMProductContainerTest.java:47)

testMerge_Product_int(webshop.persistence.inmemory.IMProductContainerTest)  Time elapsed: 0 sec  <<< ERROR!
java.lang.NoClassDefFoundError: Could not initialize class webshop.persistence.inmemory.IMWebshopFactory
	at webshop.persistence.WebshopFactoryConfigurator.getFactory(WebshopFactoryConfigurator.java:44)
	at webshop.persistence.inmemory.IMProductContainerTest.setUp(IMProductContainerTest.java:47)

testEmpty(webshop.persistence.inmemory.IMProductContainerTest)  Time elapsed: 0 sec  <<< ERROR!
java.lang.NoClassDefFoundError: Could not initialize class webshop.persistence.inmemory.IMWebshopFactory
	at webshop.persistence.WebshopFactoryConfigurator.getFactory(WebshopFactoryConfigurator.java:44)
	at webshop.persistence.inmemory.IMProductContainerTest.setUp(IMProductContainerTest.java:47)

testPurge(webshop.persistence.inmemory.IMProductContainerTest)  Time elapsed: 0 sec  <<< ERROR!
java.lang.NoClassDefFoundError: Could not initialize class webshop.persistence.inmemory.IMWebshopFactory
	at webshop.persistence.WebshopFactoryConfigurator.getFactory(WebshopFactoryConfigurator.java:44)
	at webshop.persistence.inmemory.IMProductContainerTest.setUp(IMProductContainerTest.java:47)

testFind(webshop.persistence.inmemory.IMProductContainerTest)  Time elapsed: 0 sec  <<< ERROR!
java.lang.NoClassDefFoundError: Could not initialize class webshop.persistence.inmemory.IMWebshopFactory
	at webshop.persistence.WebshopFactoryConfigurator.getFactory(WebshopFactoryConfigurator.java:44)
	at webshop.persistence.inmemory.IMProductContainerTest.setUp(IMProductContainerTest.java:47)

testSetGetOwner(webshop.persistence.inmemory.IMProductContainerTest)  Time elapsed: 0 sec  <<< ERROR!
java.lang.NoClassDefFoundError: Could not initialize class webshop.persistence.inmemory.IMWebshopFactory
	at webshop.persistence.WebshopFactoryConfigurator.getFactory(WebshopFactoryConfigurator.java:44)
	at webshop.persistence.inmemory.IMProductContainerTest.setUp(IMProductContainerTest.java:47)

testTakeUnavailableProduct(webshop.persistence.inmemory.IMProductContainerTest)  Time elapsed: 0 sec  <<< ERROR!
java.lang.NoClassDefFoundError: Could not initialize class webshop.persistence.inmemory.IMWebshopFactory
	at webshop.persistence.WebshopFactoryConfigurator.getFactory(WebshopFactoryConfigurator.java:44)
	at webshop.persistence.inmemory.IMProductContainerTest.setUp(IMProductContainerTest.java:47)

testTakeTooMany(webshop.persistence.inmemory.IMProductContainerTest)  Time elapsed: 0 sec  <<< ERROR!
java.lang.NoClassDefFoundError: Could not initialize class webshop.persistence.inmemory.IMWebshopFactory
	at webshop.persistence.WebshopFactoryConfigurator.getFactory(WebshopFactoryConfigurator.java:44)
	at webshop.persistence.inmemory.IMProductContainerTest.setUp(IMProductContainerTest.java:47)

testTakeNegative(webshop.persistence.inmemory.IMProductContainerTest)  Time elapsed: 0 sec  <<< ERROR!
java.lang.NoClassDefFoundError: Could not initialize class webshop.persistence.inmemory.IMWebshopFactory
	at webshop.persistence.WebshopFactoryConfigurator.getFactory(WebshopFactoryConfigurator.java:44)
	at webshop.persistence.inmemory.IMProductContainerTest.setUp(IMProductContainerTest.java:47)

testContains(webshop.persistence.inmemory.IMProductContainerTest)  Time elapsed: 0 sec  <<< ERROR!
java.lang.NoClassDefFoundError: Could not initialize class webshop.persistence.inmemory.IMWebshopFactory
	at webshop.persistence.WebshopFactoryConfigurator.getFactory(WebshopFactoryConfigurator.java:44)
	at webshop.persistence.inmemory.IMProductContainerTest.setUp(IMProductContainerTest.java:47)

testCount_Product(webshop.persistence.inmemory.IMProductContainerTest)  Time elapsed: 0 sec  <<< ERROR!
java.lang.NoClassDefFoundError: Could not initialize class webshop.persistence.inmemory.IMWebshopFactory
	at webshop.persistence.WebshopFactoryConfigurator.getFactory(WebshopFactoryConfigurator.java:44)
	at webshop.persistence.inmemory.IMProductContainerTest.setUp(IMProductContainerTest.java:47)

testTakeProduct(webshop.persistence.inmemory.IMProductContainerTest)  Time elapsed: 0 sec  <<< ERROR!
java.lang.NoClassDefFoundError: Could not initialize class webshop.persistence.inmemory.IMWebshopFactory
	at webshop.persistence.WebshopFactoryConfigurator.getFactory(WebshopFactoryConfigurator.java:44)
	at webshop.persistence.inmemory.IMProductContainerTest.setUp(IMProductContainerTest.java:47)

testGetContents(webshop.persistence.inmemory.IMProductContainerTest)  Time elapsed: 0.001 sec  <<< ERROR!
java.lang.NoClassDefFoundError: Could not initialize class webshop.persistence.inmemory.IMWebshopFactory
	at webshop.persistence.WebshopFactoryConfigurator.getFactory(WebshopFactoryConfigurator.java:44)
	at webshop.persistence.inmemory.IMProductContainerTest.setUp(IMProductContainerTest.java:47)

testMerg_NegativeWithException(webshop.persistence.inmemory.IMProductContainerTest)  Time elapsed: 0 sec  <<< ERROR!
java.lang.NoClassDefFoundError: Could not initialize class webshop.persistence.inmemory.IMWebshopFactory
	at webshop.persistence.WebshopFactoryConfigurator.getFactory(WebshopFactoryConfigurator.java:44)
	at webshop.persistence.inmemory.IMProductContainerTest.setUp(IMProductContainerTest.java:47)

testTransferTo_Conditions_Ok(webshop.persistence.inmemory.IMProductContainerTest)  Time elapsed: 0 sec  <<< ERROR!
java.lang.NoClassDefFoundError: Could not initialize class webshop.persistence.inmemory.IMWebshopFactory
	at webshop.persistence.WebshopFactoryConfigurator.getFactory(WebshopFactoryConfigurator.java:44)
	at webshop.persistence.inmemory.IMProductContainerTest.setUp(IMProductContainerTest.java:47)

testDrainTo(webshop.persistence.inmemory.IMProductContainerTest)  Time elapsed: 0 sec  <<< ERROR!
java.lang.NoClassDefFoundError: Could not initialize class webshop.persistence.inmemory.IMWebshopFactory
	at webshop.persistence.WebshopFactoryConfigurator.getFactory(WebshopFactoryConfigurator.java:44)
	at webshop.persistence.inmemory.IMProductContainerTest.setUp(IMProductContainerTest.java:47)

testMerge_ProductQuantity(webshop.persistence.inmemory.IMProductContainerTest)  Time elapsed: 0 sec  <<< ERROR!
java.lang.NoClassDefFoundError: Could not initialize class webshop.persistence.inmemory.IMWebshopFactory
	at webshop.persistence.WebshopFactoryConfigurator.getFactory(WebshopFactoryConfigurator.java:44)
	at webshop.persistence.inmemory.IMProductContainerTest.setUp(IMProductContainerTest.java:47)

